error[E0277]: the trait bound `NotZerocopy: zerocopy::TryFromBytes` is not satisfied
  --> tests/ui-nightly/try_transmute-dst-not-tryfrombytes.rs:17:33
   |
17 |     let dst_not_try_from_bytes: Result<NotZerocopy, _> = try_transmute!(AU16(0));
   |                                 ^^^^^^^^^^^^^^^^^^^^^^ the trait `zerocopy::TryFromBytes` is not implemented for `NotZerocopy`
   |
   = note: Consider adding `#[derive(TryFromBytes)]` to `NotZerocopy`
   = help: the following other types implement trait `zerocopy::TryFromBytes`:
             ()
             *const T
             *mut T
             AU16
             AtomicBool
             AtomicI16
             AtomicI32
             AtomicI64
           and $N others
note: required by a bound in `ValidityError`
  --> src/error.rs
   |
   | pub struct ValidityError<Src, Dst: ?Sized + TryFromBytes> {
   |                                             ^^^^^^^^^^^^ required by this bound in `ValidityError`

error[E0277]: the trait bound `NotZerocopy: zerocopy::TryFromBytes` is not satisfied
  --> tests/ui-nightly/try_transmute-dst-not-tryfrombytes.rs:17:58
   |
17 |     let dst_not_try_from_bytes: Result<NotZerocopy, _> = try_transmute!(AU16(0));
   |                                                          ^^^^^^^^^^^^^^^^^^^^^^^ the trait `zerocopy::TryFromBytes` is not implemented for `NotZerocopy`
   |
   = note: Consider adding `#[derive(TryFromBytes)]` to `NotZerocopy`
   = help: the following other types implement trait `zerocopy::TryFromBytes`:
             ()
             *const T
             *mut T
             AU16
             AtomicBool
             AtomicI16
             AtomicI32
             AtomicI64
           and $N others
note: required by a bound in `try_transmute`
  --> src/util/macro_util.rs
   |
   | pub fn try_transmute<Src, Dst>(src: Src) -> Result<Dst, ValidityError<Src, Dst>>
   |        ------------- required by a bound in this function
...
   |     Dst: TryFromBytes,
   |          ^^^^^^^^^^^^ required by this bound in `try_transmute`
   = note: this error originates in the macro `try_transmute` (in Nightly builds, run with -Z macro-backtrace for more info)

error[E0277]: the trait bound `NotZerocopy: zerocopy::TryFromBytes` is not satisfied
  --> tests/ui-nightly/try_transmute-dst-not-tryfrombytes.rs:17:58
   |
17 |     let dst_not_try_from_bytes: Result<NotZerocopy, _> = try_transmute!(AU16(0));
   |                                                          ^^^^^^^^^^^^^^^^^^^^^^^ the trait `zerocopy::TryFromBytes` is not implemented for `NotZerocopy`
   |
   = note: Consider adding `#[derive(TryFromBytes)]` to `NotZerocopy`
   = help: the following other types implement trait `zerocopy::TryFromBytes`:
             ()
             *const T
             *mut T
             AU16
             AtomicBool
             AtomicI16
             AtomicI32
             AtomicI64
           and $N others
note: required by a bound in `ValidityError`
  --> src/error.rs
   |
   | pub struct ValidityError<Src, Dst: ?Sized + TryFromBytes> {
   |                                             ^^^^^^^^^^^^ required by this bound in `ValidityError`
   = note: this error originates in the macro `try_transmute` (in Nightly builds, run with -Z macro-backtrace for more info)
