error[E0277]: the trait bound `T: zerocopy::TryFromBytes` is not satisfied
  --> tests/ui-stable/invalid-impls/invalid-impls.rs:26:39
   |
26 | impl_or_verify!(T => TryFromBytes for Foo<T>);
   |                                       ^^^^^^ the trait `zerocopy::TryFromBytes` is not implemented for `T`
   |
   = note: Consider adding `#[derive(TryFromBytes)]` to `T`
note: required for `Foo<T>` to implement `zerocopy::TryFromBytes`
  --> tests/ui-stable/invalid-impls/invalid-impls.rs:22:10
   |
22 | #[derive(FromBytes, IntoBytes, Unaligned)]
   |          ^^^^^^^^^ unsatisfied trait bound introduced in this `derive` macro
note: required by a bound in `_::Subtrait`
  --> tests/ui-stable/invalid-impls/../../../src/util/macros.rs
   |
   |             trait Subtrait: $trait {}
   |                             ^^^^^^ required by this bound in `Subtrait`
   |
  ::: tests/ui-stable/invalid-impls/invalid-impls.rs:26:1
   |
26 | impl_or_verify!(T => TryFromBytes for Foo<T>);
   | --------------------------------------------- in this macro invocation
   = note: this error originates in the derive macro `FromBytes` which comes from the expansion of the macro `impl_or_verify` (in Nightly builds, run with -Z macro-backtrace for more info)
help: consider restricting type parameter `T` with trait `TryFromBytes`
   |
26 | impl_or_verify!(T: zerocopy::TryFromBytes => TryFromBytes for Foo<T>);
   |                  ++++++++++++++++++++++++

error[E0277]: the trait bound `T: zerocopy::FromZeros` is not satisfied
  --> tests/ui-stable/invalid-impls/invalid-impls.rs:27:36
   |
27 | impl_or_verify!(T => FromZeros for Foo<T>);
   |                                    ^^^^^^ the trait `zerocopy::FromZeros` is not implemented for `T`
   |
   = note: Consider adding `#[derive(FromZeros)]` to `T`
note: required for `Foo<T>` to implement `zerocopy::FromZeros`
  --> tests/ui-stable/invalid-impls/invalid-impls.rs:22:10
   |
22 | #[derive(FromBytes, IntoBytes, Unaligned)]
   |          ^^^^^^^^^ unsatisfied trait bound introduced in this `derive` macro
note: required by a bound in `_::Subtrait`
  --> tests/ui-stable/invalid-impls/../../../src/util/macros.rs
   |
   |             trait Subtrait: $trait {}
   |                             ^^^^^^ required by this bound in `Subtrait`
   |
  ::: tests/ui-stable/invalid-impls/invalid-impls.rs:27:1
   |
27 | impl_or_verify!(T => FromZeros for Foo<T>);
   | ------------------------------------------ in this macro invocation
   = note: this error originates in the derive macro `FromBytes` which comes from the expansion of the macro `impl_or_verify` (in Nightly builds, run with -Z macro-backtrace for more info)
help: consider restricting type parameter `T` with trait `FromZeros`
   |
27 | impl_or_verify!(T: zerocopy::FromZeros => FromZeros for Foo<T>);
   |                  +++++++++++++++++++++

error[E0277]: the trait bound `T: zerocopy::FromBytes` is not satisfied
  --> tests/ui-stable/invalid-impls/invalid-impls.rs:28:36
   |
28 | impl_or_verify!(T => FromBytes for Foo<T>);
   |                                    ^^^^^^ the trait `zerocopy::FromBytes` is not implemented for `T`
   |
   = note: Consider adding `#[derive(FromBytes)]` to `T`
note: required for `Foo<T>` to implement `zerocopy::FromBytes`
  --> tests/ui-stable/invalid-impls/invalid-impls.rs:22:10
   |
22 | #[derive(FromBytes, IntoBytes, Unaligned)]
   |          ^^^^^^^^^ unsatisfied trait bound introduced in this `derive` macro
note: required by a bound in `_::Subtrait`
  --> tests/ui-stable/invalid-impls/../../../src/util/macros.rs
   |
   |             trait Subtrait: $trait {}
   |                             ^^^^^^ required by this bound in `Subtrait`
   |
  ::: tests/ui-stable/invalid-impls/invalid-impls.rs:28:1
   |
28 | impl_or_verify!(T => FromBytes for Foo<T>);
   | ------------------------------------------ in this macro invocation
   = note: this error originates in the derive macro `FromBytes` which comes from the expansion of the macro `impl_or_verify` (in Nightly builds, run with -Z macro-backtrace for more info)
help: consider restricting type parameter `T` with trait `FromBytes`
   |
28 | impl_or_verify!(T: zerocopy::FromBytes => FromBytes for Foo<T>);
   |                  +++++++++++++++++++++

error[E0277]: the trait bound `T: zerocopy::IntoBytes` is not satisfied
  --> tests/ui-stable/invalid-impls/invalid-impls.rs:29:36
   |
29 | impl_or_verify!(T => IntoBytes for Foo<T>);
   |                                    ^^^^^^ the trait `zerocopy::IntoBytes` is not implemented for `T`
   |
   = note: Consider adding `#[derive(IntoBytes)]` to `T`
note: required for `Foo<T>` to implement `zerocopy::IntoBytes`
  --> tests/ui-stable/invalid-impls/invalid-impls.rs:22:21
   |
22 | #[derive(FromBytes, IntoBytes, Unaligned)]
   |                     ^^^^^^^^^ unsatisfied trait bound introduced in this `derive` macro
note: required by a bound in `_::Subtrait`
  --> tests/ui-stable/invalid-impls/../../../src/util/macros.rs
   |
   |             trait Subtrait: $trait {}
   |                             ^^^^^^ required by this bound in `Subtrait`
   |
  ::: tests/ui-stable/invalid-impls/invalid-impls.rs:29:1
   |
29 | impl_or_verify!(T => IntoBytes for Foo<T>);
   | ------------------------------------------ in this macro invocation
   = note: this error originates in the derive macro `IntoBytes` which comes from the expansion of the macro `impl_or_verify` (in Nightly builds, run with -Z macro-backtrace for more info)
help: consider restricting type parameter `T` with trait `IntoBytes`
   |
29 | impl_or_verify!(T: zerocopy::IntoBytes => IntoBytes for Foo<T>);
   |                  +++++++++++++++++++++

error[E0277]: the trait bound `T: zerocopy::Unaligned` is not satisfied
  --> tests/ui-stable/invalid-impls/invalid-impls.rs:30:36
   |
30 | impl_or_verify!(T => Unaligned for Foo<T>);
   |                                    ^^^^^^ the trait `zerocopy::Unaligned` is not implemented for `T`
   |
   = note: Consider adding `#[derive(Unaligned)]` to `T`
note: required for `Foo<T>` to implement `zerocopy::Unaligned`
  --> tests/ui-stable/invalid-impls/invalid-impls.rs:22:32
   |
22 | #[derive(FromBytes, IntoBytes, Unaligned)]
   |                                ^^^^^^^^^ unsatisfied trait bound introduced in this `derive` macro
note: required by a bound in `_::Subtrait`
  --> tests/ui-stable/invalid-impls/../../../src/util/macros.rs
   |
   |             trait Subtrait: $trait {}
   |                             ^^^^^^ required by this bound in `Subtrait`
   |
  ::: tests/ui-stable/invalid-impls/invalid-impls.rs:30:1
   |
30 | impl_or_verify!(T => Unaligned for Foo<T>);
   | ------------------------------------------ in this macro invocation
   = note: this error originates in the derive macro `Unaligned` which comes from the expansion of the macro `impl_or_verify` (in Nightly builds, run with -Z macro-backtrace for more info)
help: consider restricting type parameter `T` with trait `Unaligned`
   |
30 | impl_or_verify!(T: zerocopy::Unaligned => Unaligned for Foo<T>);
   |                  +++++++++++++++++++++
