error[E0277]: the trait bound `NotZerocopy<AU16>: AsBytes` is not satisfied
  --> tests/ui-nightly/transmute-src-not-asbytes.rs:18:32
   |
18 | const SRC_NOT_AS_BYTES: AU16 = transmute!(NotZerocopy(AU16(0)));
   |                                ^^^^^^^^^^^^^^^^^^^^^^^^^^^^^^^^
   |                                |
   |                                the trait `AsBytes` is not implemented for `NotZerocopy<AU16>`
   |                                required by a bound introduced by this call
   |
   = help: the following other types implement trait `AsBytes`:
             ()
             AU16
             F32<O>
             F64<O>
             I128<O>
             I16<O>
             I32<O>
             I64<O>
           and $N others
note: required by a bound in `AssertIsAsBytes`
  --> tests/ui-nightly/transmute-src-not-asbytes.rs:18:32
   |
18 | const SRC_NOT_AS_BYTES: AU16 = transmute!(NotZerocopy(AU16(0)));
   |                                ^^^^^^^^^^^^^^^^^^^^^^^^^^^^^^^^ required by this bound in `AssertIsAsBytes`
   = note: this error originates in the macro `transmute` (in Nightly builds, run with -Z macro-backtrace for more info)

error[E0277]: the trait bound `NotZerocopy<AU16>: AsBytes` is not satisfied
  --> tests/ui-nightly/transmute-src-not-asbytes.rs:18:32
   |
18 | const SRC_NOT_AS_BYTES: AU16 = transmute!(NotZerocopy(AU16(0)));
   |                                ^^^^^^^^^^^^^^^^^^^^^^^^^^^^^^^^ the trait `AsBytes` is not implemented for `NotZerocopy<AU16>`
   |
   = help: the following other types implement trait `AsBytes`:
             ()
             AU16
             F32<O>
             F64<O>
             I128<O>
             I16<O>
             I32<O>
             I64<O>
           and $N others
note: required by a bound in `AssertIsAsBytes`
  --> tests/ui-nightly/transmute-src-not-asbytes.rs:18:32
   |
18 | const SRC_NOT_AS_BYTES: AU16 = transmute!(NotZerocopy(AU16(0)));
   |                                ^^^^^^^^^^^^^^^^^^^^^^^^^^^^^^^^ required by this bound in `AssertIsAsBytes`
   = note: this error originates in the macro `transmute` (in Nightly builds, run with -Z macro-backtrace for more info)
